16:10:57.470 [main] INFO  testCases.demo - Invalid details have been entered
16:12:34.436 [main] INFO  testCases.home - Loaction and specialization selected
16:15:18.689 [main] INFO  testCases.home - All the sortings have been done
16:15:21.547 [main] INFO  testCases.home - Details of the doctors have been fetched
16:16:15.356 [main] INFO  testCases.listsurgeries - All the list of surgeries have been captured
16:44:26.649 [main] INFO  testCases.Validdemo - Valid details enabled us to schedule a demo
16:47:25.886 [main] INFO  testCases.demo - Invalid details have been entered
16:49:03.299 [main] INFO  testCases.home - Loaction and specialization selected
16:54:48.737 [main] INFO  testCases.home - Loaction and specialization selected
16:57:35.232 [main] INFO  testCases.home - All the sortings have been done
16:57:38.396 [main] INFO  testCases.home - Details of the doctors have been fetched
16:59:16.864 [main] INFO  testCases.demo - Invalid details have been entered
17:00:37.823 [main] INFO  testCases.listsurgeries - All the list of surgeries have been captured
17:02:49.697 [main] INFO  testCases.Validdemo - Valid details enabled us to schedule a demo
10:17:00.308 [main] INFO  testCases.home - Loaction and specialization selected
10:19:36.745 [main] INFO  testCases.home - All the sortings have been done
10:19:40.258 [main] INFO  testCases.home - Details of the doctors have been fetched
10:21:24.439 [main] INFO  testCases.demo - Invalid details have been entered
10:22:19.768 [main] INFO  testCases.listsurgeries - All the list of surgeries have been captured
10:27:25.226 [main] INFO  testCases.home - Loaction and specialization selected
10:30:35.927 [main] INFO  testCases.home - All the sortings have been done
10:30:39.009 [main] INFO  testCases.home - Details of the doctors have been fetched
10:32:25.001 [main] INFO  testCases.demo - Invalid details have been entered
10:33:18.751 [main] INFO  testCases.listsurgeries - All the list of surgeries have been captured
10:38:55.923 [main] INFO  testCases.home - Loaction and specialization selected
10:41:40.109 [main] INFO  testCases.home - All the sortings have been done
10:41:42.763 [main] INFO  testCases.home - Details of the doctors have been fetched
10:52:47.374 [main] INFO  testCases.home - Loaction and specialization selected
11:07:39.516 [main] INFO  testCases.home - Loaction and specialization selected
11:10:27.324 [main] INFO  testCases.home - All the sortings have been done
11:10:31.859 [main] INFO  testCases.home - Details of the doctors have been fetched
11:13:53.573 [main] INFO  testCases.home - Loaction and specialization selected
11:16:51.959 [main] INFO  testCases.home - All the sortings have been done
11:16:55.079 [main] INFO  testCases.home - Details of the doctors have been fetched
11:20:12.567 [main] INFO  testCases.home - Loaction and specialization selected
11:23:48.885 [main] INFO  testCases.home - All the sortings have been done
11:23:51.823 [main] INFO  testCases.home - Details of the doctors have been fetched
11:28:58.439 [main] INFO  testCases.home - Loaction and specialization selected
11:32:36.478 [main] INFO  testCases.home - All the sortings have been done
11:32:39.221 [main] INFO  testCases.home - Details of the doctors have been fetched
11:34:16.217 [main] INFO  testCases.demo - Invalid details have been entered
11:35:10.016 [main] INFO  testCases.listsurgeries - All the list of surgeries have been captured
11:40:44.038 [main] INFO  testCases.Validdemo - Valid details enabled us to schedule a demo
12:48:38.039 [main] INFO  testCases.home - Loaction and specialization selected
12:52:01.132 [main] INFO  testCases.home - All the sortings have been done
12:52:04.020 [main] INFO  testCases.home - Details of the doctors have been fetched
13:46:44.597 [main] INFO  testCases.home - Loaction and specialization selected
13:48:05.199 [main] INFO  testCases.home - All the sortings have been done
13:50:59.345 [main] INFO  testCases.home - Loaction and specialization selected
13:54:34.543 [main] INFO  testCases.home - All the sortings have been done
13:54:37.297 [main] INFO  testCases.home - Details of the doctors have been fetched
14:05:10.702 [main] INFO  testCases.home - Loaction and specialization selected
14:17:37.023 [main] INFO  testCases.home - Loaction and specialization selected
14:21:01.600 [main] INFO  testCases.home - All the sortings have been done
14:21:04.242 [main] INFO  testCases.home - Details of the doctors have been fetched
14:26:25.895 [main] INFO  testCases.home - Loaction and specialization selected
14:29:52.490 [main] INFO  testCases.home - All the sortings have been done
14:29:55.071 [main] INFO  testCases.home - Details of the doctors have been fetched
14:31:51.235 [main] INFO  testCases.demo - Invalid details have been entered
14:33:02.069 [main] INFO  testCases.listsurgeries - All the list of surgeries have been captured
14:38:26.067 [main] INFO  testCases.home - Loaction and specialization selected
